2026-05-20 17:34:19,678 - data_pipeline.transcriber - INFO - Loading Whisper 'base' model on mps...
2026-05-20 17:34:38,961 - data_pipeline.transcriber - INFO - Whisper model loaded successfully.
2026-05-20 17:34:38,962 - data_pipeline.pipeline - INFO - Starting ingestion pipeline for 1 videos.
2026-05-20 17:34:38,962 - data_pipeline.downloader - INFO - Starting download for https://www.youtube.com/watch?v=jNQXAC9IVRw
2026-05-20 17:34:44,223 - data_pipeline.downloader - INFO - Successfully downloaded audio to data_pipeline/output/jNQXAC9IVRw.mp3
2026-05-20 17:34:44,225 - data_pipeline.pipeline - INFO - Successfully downloaded 1 audio files. Starting transcription...
2026-05-20 17:34:44,225 - data_pipeline.transcriber - INFO - Starting transcription for data_pipeline/output/jNQXAC9IVRw.mp3
2026-05-20 17:34:49,938 - data_pipeline.transcriber - INFO - Transcription complete for data_pipeline/output/jNQXAC9IVRw.mp3. Found 4 segments.
2026-05-20 17:34:49,939 - data_pipeline.pipeline - INFO - Saved transcription to data_pipeline/output/jNQXAC9IVRw.json
2026-05-20 17:34:49,939 - data_pipeline.pipeline - INFO - Cleaned up temporary audio file: data_pipeline/output/jNQXAC9IVRw.mp3
2026-05-20 17:34:49,939 - data_pipeline.pipeline - INFO - Ingestion pipeline completed.
2026-05-20 17:42:04,106 - data_pipeline.transcriber - INFO - Loading Whisper 'base' model on mps...
2026-05-20 17:42:05,271 - data_pipeline.transcriber - INFO - Whisper model loaded successfully.
2026-05-20 17:42:05,272 - data_pipeline.pipeline - INFO - Starting ingestion pipeline for 2 videos.
2026-05-20 17:42:05,272 - data_pipeline.downloader - INFO - Starting download for https://youtu.be/9RAqjOZEOh4?si=bF4sg4TQWnmtJLRI
2026-05-20 17:42:05,273 - data_pipeline.downloader - INFO - Starting download for https://youtu.be/UL0CUMswqBY?si=qGD2S2Na8TU6_Rl1
2026-05-20 17:42:35,555 - data_pipeline.downloader - INFO - Successfully downloaded audio to data_pipeline/output/9RAqjOZEOh4.mp3
2026-05-20 17:42:58,280 - data_pipeline.downloader - INFO - Successfully downloaded audio to data_pipeline/output/UL0CUMswqBY.mp3
2026-05-20 17:42:58,283 - data_pipeline.pipeline - INFO - Successfully downloaded 2 audio files. Starting transcription...
2026-05-20 17:42:58,283 - data_pipeline.transcriber - INFO - Starting transcription for data_pipeline/output/9RAqjOZEOh4.mp3
2026-05-20 17:53:18,664 - data_pipeline.transcriber - INFO - Transcription complete for data_pipeline/output/9RAqjOZEOh4.mp3. Found 356 segments.
2026-05-20 17:53:18,682 - data_pipeline.pipeline - INFO - Saved transcription to data_pipeline/output/9RAqjOZEOh4.json
2026-05-20 17:53:18,688 - data_pipeline.pipeline - INFO - Cleaned up temporary audio file: data_pipeline/output/9RAqjOZEOh4.mp3
2026-05-20 17:53:18,688 - data_pipeline.transcriber - INFO - Starting transcription for data_pipeline/output/UL0CUMswqBY.mp3
2026-05-20 18:10:46,398 - data_pipeline.manager - INFO - Starting transcript fetching pipeline for 2 videos.
2026-05-20 18:10:46,398 - data_pipeline.manager - INFO - Fetching transcript for video ID: 9RAqjOZEOh4
2026-05-20 18:10:46,398 - data_pipeline.manager - ERROR - An unexpected error occurred for video 9RAqjOZEOh4: type object 'YouTubeTranscriptApi' has no attribute 'get_transcript'
2026-05-20 18:10:46,398 - data_pipeline.manager - INFO - Fetching transcript for video ID: UL0CUMswqBY
2026-05-20 18:10:46,398 - data_pipeline.manager - ERROR - An unexpected error occurred for video UL0CUMswqBY: type object 'YouTubeTranscriptApi' has no attribute 'get_transcript'
2026-05-20 18:10:46,398 - data_pipeline.manager - INFO - Transcript fetching pipeline completed.
2026-05-20 18:11:45,233 - data_pipeline.manager - INFO - Starting transcript fetching pipeline for 2 videos.
2026-05-20 18:11:45,234 - data_pipeline.manager - INFO - Fetching transcript for video ID: 9RAqjOZEOh4
2026-05-20 18:11:46,366 - data_pipeline.manager - ERROR - An unexpected error occurred for video 9RAqjOZEOh4: 'FetchedTranscriptSnippet' object is not subscriptable
2026-05-20 18:11:46,366 - data_pipeline.manager - INFO - Fetching transcript for video ID: UL0CUMswqBY
2026-05-20 18:11:47,690 - data_pipeline.manager - ERROR - An unexpected error occurred for video UL0CUMswqBY: 'FetchedTranscriptSnippet' object is not subscriptable
2026-05-20 18:11:47,691 - data_pipeline.manager - INFO - Transcript fetching pipeline completed.
2026-05-20 18:12:22,136 - data_pipeline.manager - INFO - Starting transcript fetching pipeline for 2 videos.
2026-05-20 18:12:22,136 - data_pipeline.manager - INFO - Fetching transcript for video ID: 9RAqjOZEOh4
2026-05-20 18:12:23,339 - data_pipeline.manager - INFO - Saved transcript to data_pipeline/output/9RAqjOZEOh4_transcript.json
2026-05-20 18:12:23,339 - data_pipeline.manager - INFO - Fetching transcript for video ID: UL0CUMswqBY
2026-05-20 18:12:24,598 - data_pipeline.manager - INFO - Saved transcript to data_pipeline/output/UL0CUMswqBY_transcript.json
2026-05-20 18:12:24,598 - data_pipeline.manager - INFO - Transcript fetching pipeline completed.
2026-05-20 18:15:29,334 - data_pipeline.manager - INFO - Starting transcript fetching pipeline for 1 videos.
2026-05-20 18:15:29,334 - data_pipeline.manager - INFO - Fetching transcript for video ID: 9RAqjOZEOh4
2026-05-20 18:15:30,445 - data_pipeline.manager - INFO - Saved transcript to data_pipeline/output/9RAqjOZEOh4_transcript.json
2026-05-20 18:15:30,445 - data_pipeline.manager - INFO - Transcript fetching pipeline completed.
2026-05-20 18:18:35,264 - data_pipeline.manager - INFO - Starting transcript fetching pipeline for 1 videos.
2026-05-20 18:18:35,264 - data_pipeline.manager - INFO - Fetching transcript for video ID: DdBv99-IWi0
2026-05-20 18:18:37,012 - data_pipeline.manager - INFO - Saved transcript to data_pipeline/output/DdBv99-IWi0_transcript.json
2026-05-20 18:18:37,013 - data_pipeline.manager - INFO - Transcript fetching pipeline completed.
